2026-06-10 22:47:36,645 ERROR clean: \u274c BS 2.1 2016 流动资产: total_cur_assets=120621.3200 calc=110347.9230 residual=10273.3970
2026-06-10 22:47:36,645 WARNING clean: \u26a0\ufe0f  跨表 7.2 2016 IS fin_exp(-1005.9790) ≠ CF finan_exp(-648.9490), 差357.0300
2026-06-10 22:47:36,645 WARNING clean: \u26a0\ufe0f  跨表 7.3 2016 CF期末现金(12513.7300) ≠ BS货币资金(17196.0700), 差4682.3400
2026-06-10 22:47:36,646 ERROR clean: \u274c BS 2.1 2017 流动资产: total_cur_assets=169810.6760 calc=157631.7230 residual=12178.9530
2026-06-10 22:47:36,646 WARNING clean: \u26a0\ufe0f  跨表 7.2 2017 IS fin_exp(815.9490) ≠ CF finan_exp(32.8450), 差783.1040
2026-06-10 22:47:36,646 WARNING clean: \u26a0\ufe0f  跨表 7.3 2017 CF期末现金(21831.6530) ≠ BS货币资金(48274.2000), 差26442.5470
2026-06-10 22:47:36,647 ERROR clean: \u274c BS 2.1 2018 流动资产: total_cur_assets=182689.4380 calc=171361.0460 residual=11328.3920
2026-06-10 22:47:36,647 WARNING clean: \u26a0\ufe0f  跨表 7.2 2018 IS fin_exp(-1823.0400) ≠ CF finan_exp(-1265.8310), 差557.2090
2026-06-10 22:47:36,647 WARNING clean: \u26a0\ufe0f  跨表 7.3 2018 CF期末现金(17952.2820) ≠ BS货币资金(27888.2800), 差9935.9980
2026-06-10 22:47:36,647 INFO clean: IS 1.1 2019 total_cogs verified via operate_profit; 1936.7100 unattributed costs (likely 合同履约成本 etc.)
2026-06-10 22:47:36,647 ERROR clean: \u274c BS 2.1 2019 流动资产: total_cur_assets=216482.6920 calc=205613.2960 residual=10869.3960
2026-06-10 22:47:36,647 WARNING clean: \u26a0\ufe0f  跨表 7.2 2019 IS fin_exp(-2231.6360) ≠ CF finan_exp(-2847.4110), 差615.7750
2026-06-10 22:47:36,648 WARNING clean: \u26a0\ufe0f  跨表 7.3 2019 CF期末现金(30441.7600) ≠ BS货币资金(70916.8410), 差40475.0810
2026-06-10 22:47:36,648 INFO clean: IS 1.1 2020 total_cogs verified via operate_profit; 1905.6280 unattributed costs (likely 合同履约成本 etc.)
2026-06-10 22:47:36,648 ERROR clean: \u274c BS 2.1 2020 流动资产: total_cur_assets=241655.3250 calc=225186.2560 residual=16469.0690
2026-06-10 22:47:36,648 WARNING clean: \u26a0\ufe0f  跨表 7.2 2020 IS fin_exp(-2638.0320) ≠ CF finan_exp(-1714.5300), 差923.5020
2026-06-10 22:47:36,648 WARNING clean: \u26a0\ufe0f  跨表 7.3 2020 CF期末现金(23548.5080) ≠ BS货币资金(81210.4820), 差57661.9740
2026-06-10 22:47:36,649 INFO clean: IS 1.1 2021 total_cogs verified via operate_profit; 1733.7420 unattributed costs (likely 合同履约成本 etc.)
2026-06-10 22:47:36,649 ERROR clean: \u274c BS 2.1 2021 流动资产: total_cur_assets=248864.5050 calc=228207.9050 residual=20656.6000
2026-06-10 22:47:36,649 WARNING clean: \u26a0\ufe0f  跨表 7.2 2021 IS fin_exp(-4386.1110) ≠ CF finan_exp(-3119.9780), 差1266.1330
2026-06-10 22:47:36,649 WARNING clean: \u26a0\ufe0f  跨表 7.3 2021 CF期末现金(40550.0390) ≠ BS货币资金(71875.5560), 差31325.5170
2026-06-10 22:47:36,650 INFO clean: IS 1.1 2022 total_cogs verified via operate_profit; 2094.0980 unattributed costs (likely 合同履约成本 etc.)
2026-06-10 22:47:36,650 ERROR clean: \u274c BS 2.1 2022 流动资产: total_cur_assets=261099.2710 calc=246960.5150 residual=14138.7560
2026-06-10 22:47:36,650 WARNING clean: \u26a0\ufe0f  跨表 7.2 2022 IS fin_exp(-3387.4910) ≠ CF finan_exp(-3226.9130), 差160.5780
2026-06-10 22:47:36,650 WARNING clean: \u26a0\ufe0f  跨表 7.3 2022 CF期末现金(51131.9680) ≠ BS货币资金(55270.0990), 差4138.1310
2026-06-10 22:47:36,651 INFO clean: IS 1.1 2023 total_cogs verified via operate_profit; 1276.8020 unattributed costs (likely 合同履约成本 etc.)
2026-06-10 22:47:36,651 ERROR clean: \u274c BS 2.1 2023 流动资产: total_cur_assets=281320.9800 calc=267024.0220 residual=14296.9580
2026-06-10 22:47:36,651 WARNING clean: \u26a0\ufe0f  跨表 7.2 2023 IS fin_exp(-3261.6560) ≠ CF finan_exp(-3134.6370), 差127.0190
2026-06-10 22:47:36,651 WARNING clean: \u26a0\ufe0f  跨表 7.3 2023 CF期末现金(59887.2600) ≠ BS货币资金(81673.8460), 差21786.5860
2026-06-10 22:47:36,652 INFO clean: IS 1.1 2024 total_cogs verified via operate_profit; 2025.4040 unattributed costs (likely 合同履约成本 etc.)
2026-06-10 22:47:36,652 ERROR clean: \u274c BS 2.1 2024 流动资产: total_cur_assets=389063.7860 calc=378015.9000 residual=11047.8860
2026-06-10 22:47:36,652 WARNING clean: \u26a0\ufe0f  跨表 7.2 2024 IS fin_exp(-3329.2480) ≠ CF finan_exp(-4025.8660), 差696.6180
2026-06-10 22:47:36,652 WARNING clean: \u26a0\ufe0f  跨表 7.3 2024 CF期末现金(55118.7280) ≠ BS货币资金(140410.3080), 差85291.5800
2026-06-10 22:47:36,652 INFO clean: IS 1.1 2025 total_cogs verified via operate_profit; 3024.6580 unattributed costs (likely 合同履约成本 etc.)
2026-06-10 22:47:36,653 ERROR clean: \u274c BS 2.1 2025 流动资产: total_cur_assets=416662.3410 calc=404883.1240 residual=11779.2170
2026-06-10 22:47:36,653 WARNING clean: \u26a0\ufe0f  跨表 7.2 2025 IS fin_exp(-5903.5460) ≠ CF finan_exp(-4396.6600), 差1506.8860
2026-06-10 22:47:36,653 WARNING clean: \u26a0\ufe0f  跨表 7.3 2025 CF期末现金(68508.6700) ≠ BS货币资金(85247.1500), 差16738.4800
HARD CHECK FAIL: BS 2.1 2016 流动资产: total_cur_assets=120621.3200 calc=110347.9230 residual=10273.3970
HARD CHECK FAIL: BS 2.1 2017 流动资产: total_cur_assets=169810.6760 calc=157631.7230 residual=12178.9530
HARD CHECK FAIL: BS 2.1 2018 流动资产: total_cur_assets=182689.4380 calc=171361.0460 residual=11328.3920
HARD CHECK FAIL: BS 2.1 2019 流动资产: total_cur_assets=216482.6920 calc=205613.2960 residual=10869.3960
HARD CHECK FAIL: BS 2.1 2020 流动资产: total_cur_assets=241655.3250 calc=225186.2560 residual=16469.0690
HARD CHECK FAIL: BS 2.1 2021 流动资产: total_cur_assets=248864.5050 calc=228207.9050 residual=20656.6000
HARD CHECK FAIL: BS 2.1 2022 流动资产: total_cur_assets=261099.2710 calc=246960.5150 residual=14138.7560
HARD CHECK FAIL: BS 2.1 2023 流动资产: total_cur_assets=281320.9800 calc=267024.0220 residual=14296.9580
HARD CHECK FAIL: BS 2.1 2024 流动资产: total_cur_assets=389063.7860 calc=378015.9000 residual=11047.8860
HARD CHECK FAIL: BS 2.1 2025 流动资产: total_cur_assets=416662.3410 calc=404883.1240 residual=11779.2170

Validation failed: 10 hard check(s) failed
